C51 COMPILER V9.57.0.0   MAIN                                                              06/25/2018 14:59:49 PAGE 1   


C51 COMPILER V9.57.0.0, COMPILATION OF MODULE MAIN
OBJECT MODULE PLACED IN .\Objects\main.obj
COMPILER INVOKED BY: D:\Keil\Keil_v5\C51\BIN\C51.EXE main.c OPTIMIZE(8,SPEED) BROWSE DEBUG OBJECTEXTEND PRINT(.\Listings
                    -\main.lst) OBJECT(.\Objects\main.obj)

line level    source

   1          # include <reg52.h>
   2          # include <intrins.h>
   3          
   4          /*
   5                  1 LED1~LED8每隔1秒循环点亮
   6                  2 LED组每循环一次，蜂鸣器鸣一次，鸣1s
   7                  3 每次按键K1按下，从LED1开始重新循环点亮
   8          */
   9          
  10          
  11          sbit key = P3^2;
  12          unsigned char data timer_count = 0;
  13          void init();
  14          
  15          
  16          void main()
  17          {
  18   1              init();
  19   1              while(1){
  20   2                      if(timer_count == 10){
  21   3                              P1 = _crol_(P1, 1);
  22   3                              timer_count = 0;
  23   3                      }
  24   2              }
  25   1      }
  26          
  27          
  28          void init()
  29          {       
  30   1              key = 1;
  31   1              P1 = 0xFE;
  32   1              
  33   1              // 设置Timer0
  34   1              // 模式1 -> TMOD
  35   1              TMOD = 0x01;
  36   1              // 装载初始值
  37   1              TH0 = (65536 - 46080) / 256;
  38   1              TL0 = (65536 - 46080) % 256;
  39   1              
  40   1              // 设置外部中断0
  41   1              // 边沿触发 -> TCON
  42   1              IT0 = 1;
  43   1              
  44   1              // 设置中断使能
  45   1              EA = 1;
  46   1              ET0 = 1;
  47   1              EX0 = 1;
  48   1              
  49   1              // 启动定时器
  50   1              TR0 = 1;
  51   1      }
  52          
  53          void timer0_int() interrupt 1
  54          {
C51 COMPILER V9.57.0.0   MAIN                                                              06/25/2018 14:59:49 PAGE 2   

  55   1              TH0 = (65536 - 46080) / 256;
  56   1              TL0 = (65536 - 46080) % 256;
  57   1              ++timer_count;  
  58   1      }
  59          
  60          
  61          void int0_int() interrupt 0
  62          {
  63   1              P1 = 0xFE;
  64   1              
  65   1              timer_count = 0;
  66   1              TH0 = (65536 - 46080) / 256;
  67   1              TL0 = (65536 - 46080) % 256;
  68   1              
  69   1      }


MODULE INFORMATION:   STATIC OVERLAYABLE
   CODE SIZE        =     73    ----
   CONSTANT SIZE    =   ----    ----
   XDATA SIZE       =   ----    ----
   PDATA SIZE       =   ----    ----
   DATA SIZE        =      1    ----
   IDATA SIZE       =   ----    ----
   BIT SIZE         =   ----    ----
END OF MODULE INFORMATION.


C51 COMPILATION COMPLETE.  0 WARNING(S),  0 ERROR(S)
