C51 COMPILER V9.57.0.0   SJAHELPER                                                         07/13/2018 22:29:18 PAGE 1   


C51 COMPILER V9.57.0.0, COMPILATION OF MODULE SJAHELPER
OBJECT MODULE PLACED IN .\Objects\SJAhelper.obj
COMPILER INVOKED BY: D:\Keil\Keil_v5\C51\BIN\C51.EXE SJAhelper.c OPTIMIZE(8,SPEED) BROWSE DEBUG OBJECTEXTEND PRINT(.\Lis
                    -tings\SJAhelper.lst) OBJECT(.\Objects\SJAhelper.obj)

line level    source

   1          #include "SJAhelper.h"
   2          #include "SJA1000REG.h"
   3          #include <reg52.h>
   4          
   5          #define SJA_BASE_ADDR 0x7f00
   6          #define STD_FRAMEID_LENTH 2
   7          #define EXT_FRAMEID_LENTH 4
   8          
   9          sbit CS = P2^7;                                                                                                                         //SJA1000ç‰‡é€‰ï¼Œä½ç”µå¹³ä½¿èƒ½
  10          unsigned char xdata *SJA_CS_Point = (unsigned char xdata *)SJA_BASE_ADDR;       //æŒ‡é’ˆæŒ‡å‘ç‰‡å¤–æ•°æ®å­˜å‚¨
             -åŒº
  11          
  12          /*************************************************************
  13           * å†™SJA1000å¯„å­˜å™¨
  14          **************************************************************/
  15          void WriteSJAReg(unsigned char regAdr, unsigned char value)
  16          {
  17   1              *(SJA_CS_Point + regAdr) = value;
  18   1      }
  19          
  20          /*************************************************************
  21           * å†™SJA1000å¯„å­˜å™¨
  22          **************************************************************/
  23          unsigned char ReadSJAReg(unsigned char regAdr)
  24          {
  25   1              return (*(SJA_CS_Point + regAdr));
  26   1      }
  27          
  28          /*************************************************************
  29           * å‡½æ•°åç§°ï¼šSetBitMask
  30           * å‡½æ•°åŠŸèƒ½ï¼šè®¾ç½®æŒ‡å®šå¯„å­˜å™¨çš„æŒ‡å®šä½ä¸º1
  31           * è¾“å…¥å‚æ•°ï¼šregAdr å¯„å­˜å™¨åœ°å€
  32           *                       bitValue è®¾ç½®çš„ä½å€¼
  33           * è¾“å‡ºå‚æ•°ï¼šæ— 
  34           * è¿”å›å€¼ï¼š  1=æ“ä½œæˆåŠŸï¼Œ0=æ“ä½œå¤±è´¥
  35          **************************************************************/
  36          unsigned char SetBitMask(unsigned char regAdr, unsigned char bitValue)
  37          {
  38   1              unsigned char status;
  39   1              unsigned char value;
  40   1              
  41   1              value = ReadSJAReg(regAdr);
  42   1              value = value | bitValue;
  43   1              WriteSJAReg(regAdr, value);
  44   1              
  45   1              status = ReadSJAReg(regAdr) == value ? 1 : 0;
  46   1              return status;
  47   1      }
  48          
  49          /*************************************************************
  50           * å‡½æ•°åç§°ï¼šClearBitMask
  51           * å‡½æ•°åŠŸèƒ½ï¼šå°†æŒ‡å®šå¯„å­˜å™¨çš„æŒ‡å®šä½æ¸…é›¶
  52           * è¾“å…¥å‚æ•°ï¼šregAdr å¯„å­˜å™¨åœ°å€
  53          *                        bitValue è®¾ç½®çš„ä½å€¼(bitValueä¸­ä¸º1çš„ä½ï¼Œå¯¹åº”çš„ä½è¢«æ¸…é›¶)
C51 COMPILER V9.57.0.0   SJAHELPER                                                         07/13/2018 22:29:18 PAGE 2   

  54           * è¾“å‡ºå‚æ•°ï¼šæ— 
  55           * è¿”å›å€¼ï¼š  1=æ“ä½œæˆåŠŸï¼Œ0=æ“ä½œå¤±è´¥
  56          **************************************************************/
  57          unsigned char ClearBitMask(unsigned char regAdr, unsigned char bitValue)
  58          {
  59   1              unsigned char status;
  60   1              unsigned char value;
  61   1              
  62   1              value = ReadSJAReg(regAdr);
  63   1              value = value & (~bitValue);
  64   1              WriteSJAReg(regAdr, value);
  65   1              
  66   1              status = ReadSJAReg(regAdr) == value ? 1 : 0;
  67   1              return status;
  68   1      }
  69          
  70          /*************************************************************
  71           * å‡½æ•°åç§°ï¼šWriteSJARegBlock
  72           * å‡½æ•°åŠŸèƒ½ï¼šè¿ç»­å†™å¤šä¸ªå¯„å­˜å™¨
  73           * è¾“å…¥å‚æ•°ï¼šregAdr   å¯„å­˜å™¨èµ·å§‹åœ°å€
  74           *                       valueBuf å†™å¯„å­˜å™¨æ—¶ä½¿ç”¨çš„æŒ‡é’ˆ
  75           *                       len      è¦è¿ç»­å†™å…¥çš„å¯„å­˜å™¨æ•°
  76           * è¾“å‡ºå‚æ•°ï¼šæ— 
  77           * è¿”å›å€¼ï¼š  è¿ç»­å†™å…¥çš„å¯„å­˜å™¨æ•°
  78          **************************************************************/
  79          unsigned char WriteSJARegBlock(unsigned char regAdr, unsigned char *valueBuf, unsigned char len)
  80          {
  81   1              unsigned char i;
  82   1              for(i=0; i<len; i++){
  83   2                      WriteSJAReg(regAdr + i, valueBuf[i]);
  84   2              }
  85   1              return (len > 0 ? i+1 : i);
  86   1      }
  87          
  88          /*************************************************************
  89           * å‡½æ•°åç§°ï¼šReadSJARegBlock
  90           * å‡½æ•°åŠŸèƒ½ï¼šè¿ç»­è¯»å¤šä¸ªå¯„å­˜å™¨
  91           * è¾“å…¥å‚æ•°ï¼šregAdr   å¯„å­˜å™¨èµ·å§‹åœ°å€
  92           *                       valueBuf è¯»å¯„å­˜å™¨æ—¶ä½¿ç”¨çš„æŒ‡é’ˆ
  93           *                       len      è¦è¿ç»­è¯»å‡ºçš„å¯„å­˜å™¨æ•°
  94           * è¾“å‡ºå‚æ•°ï¼šæ— 
  95           * è¿”å›å€¼ï¼š  è¿ç»­è¯»åˆ°çš„å¯„å­˜å™¨æ•°
  96          **************************************************************/
  97          unsigned char ReadSJARegBlock(unsigned char regAdr, unsigned char *valueBuf, unsigned char len)
  98          {
  99   1              unsigned char i;
 100   1              for(i=0; i<len; i++){
 101   2                      valueBuf[i] = ReadSJAReg(regAdr + i);
 102   2              }
 103   1              return (len > 0 ? i+1 : i);
 104   1      }
 105          
 106          /*************************************************************
 107           * å‡½æ•°åç§°ï¼šSJAConnectTest
 108           * å‡½æ•°åŠŸèƒ½ï¼šæµ‹è¯•å‡½æ•°ï¼ŒéªŒè¯ä¸»æ§åˆ¶å™¨å’ŒSJA1000çš„ç¡¬ä»¶è¿æ¥
 109           * è¾“å…¥å‚æ•°ï¼šæ— 
 110           * è¾“å‡ºå‚æ•°ï¼šæ— 
 111           * è¿”å›å€¼ï¼š  1=ç¡¬ä»¶è¿æ¥æ­£å¸¸ï¼Œå¯ä»¥é€šä¿¡ï¼›0=é€šä¿¡æ•…éšœ
 112          **************************************************************/
 113          //unsigned char SJAConnectTest(void)
 114          //{
 115          //      unsigned char status;
C51 COMPILER V9.57.0.0   SJAHELPER                                                         07/13/2018 22:29:18 PAGE 3   

 116          //      WriteSJAReg(REG_CAN_TEST, 0x55);
 117          //      status = ReadSJAReg(REG_CAN_TEST) == 0x55 ? 1 : 0;
 118          //      return status;
 119          //}
 120          
 121          /*************************************************************
 122           * å‡½æ•°åç§°ï¼šSJAInit
 123           * å‡½æ•°åŠŸèƒ½ï¼šCANæ§åˆ¶å™¨åˆå§‹åŒ–å‡½æ•°
 124           * è¾“å…¥å‚æ•°ï¼šbrt0   æ€»çº¿å®šæ—¶å™¨0
 125           *                       btr1   æ€»çº¿å®šæ—¶å™¨1
 126           *                       filter æ»¤æ³¢å™¨è®¾ç½®æŒ‡é’ˆ
 127           * è¾“å‡ºå‚æ•°ï¼šæ— 
 128           * è¿”å›å€¼ï¼š  æ— 
 129          **************************************************************/
 130          void SJAInit(unsigned char mode, unsigned char btr0, unsigned char btr1, unsigned char *filter)
 131          {
 132   1              SetBitMask(REG_CAN_MODE, RM_RR_BIT);    //è¿›å…¥å¤ä½æ¨¡å¼
 133   1              WriteSJAReg(REG_CAN_CDR, 0x88);         //è®¾ç½®åˆ†é…å¯„å­˜å™¨ï¼ˆ10001000ï¼‰PeliCANæ¨¡å¼ 
 134   1                                                                                              //CBP=0,CLKOff_BIT=1 ä¸æ¿€æ´»æ¯”è¾ƒå™¨æ—è·¯(å»ºè®®æ¿€æ´»)ï¼Œä¸è¾“å‡ºæ—¶é’Ÿ
 135   1              //WriteSJAReg(REG_CAN_MODE, 0x0d);              //AFM=1,STM=1 å•æ»¤æ³¢æ¨¡å¼ åªæ£€æµ‹æ¨¡å¼
 136   1              WriteSJARegBlock(REG_CAN_ACR0, filter, 8);      //é…ç½®éªŒæ”¶ä»£ç /å±è”½å¯„å­˜å™¨
 137   1              WriteSJAReg(REG_CAN_BTR0, btr0);                        //é…ç½®æ€»çº¿å®šæ—¶å™¨0
 138   1              WriteSJAReg(REG_CAN_BTR1, btr1);                        //é…ç½®æ€»çº¿å®šæ—¶å™¨1
 139   1              WriteSJAReg(REG_CAN_OCR, 0x1A);                         //é…ç½®è¾“å‡ºå¼•è„šä¸ºTX0å’ŒRX0ï¼Œæ¨æŒ½æ¨¡å¼
 140   1              //SetBitMask(REG_CAN_MODE, STM_BIT | AFM_BIT);
 141   1              SetBitMask(REG_CAN_MODE, mode);
 142   1              ClearBitMask(REG_CAN_MODE, RM_RR_BIT);          //é€€å‡ºå¤ä½æ¨¡å¼ï¼Œè¿›å…¥å·¥ä½œæ¨¡å¼
 143   1      }
 144          
 145          /*************************************************************
 146           * å‡½æ•°åç§°ï¼šSJAInit
 147           * å‡½æ•°åŠŸèƒ½ï¼šCANæ§åˆ¶å™¨åˆå§‹åŒ–å‡½æ•°
 148           * è¾“å…¥å‚æ•°ï¼šbrt0   æ€»çº¿å®šæ—¶å™¨0
 149           *                       btr1   æ€»çº¿å®šæ—¶å™¨1
 150           *                       filter æ»¤æ³¢å™¨è®¾ç½®æŒ‡é’ˆ
 151           * è¾“å‡ºå‚æ•°ï¼šæ— 
 152           * è¿”å›å€¼ï¼š  æ— 
 153          **************************************************************/
 154          void SJAStdInit(unsigned char btr0, unsigned char btr1, unsigned char *filter)
 155          {
 156   1              /* å®šä¹‰å¤–éƒ¨ä¸­æ–­0ä¼˜å…ˆçº§å’Œè§¦å‘æ–¹å¼ */
 157   1              PX0 = 1;                //å¤–éƒ¨ä¸­æ–­0é«˜ä¼˜å…ˆçº§
 158   1              IT0 = 0;                //å¤–éƒ¨ä¸­æ–­0ä½ç”µå¹³è§¦å‘
 159   1              /* ä½¿èƒ½SJA1000é€šè®¯å€Ÿå£ */
 160   1              CS = 0;                 
 161   1              /* ç¦èƒ½æ‰€æœ‰ä¸­æ–­å’Œå¤–éƒ¨ä¸­æ–­0 */
 162   1              EA = 0;
 163   1              EX0 = 0;
 164   1              
 165   1              SetBitMask(REG_CAN_MODE, RM_RR_BIT);
 166   1              while(!SetBitMask(REG_CAN_MODE, RM_RR_BIT));                            //ç¡®ä¿è¿›å…¥å¤ä½æ¨¡å¼
 167   1              
 168   1              WriteSJAReg(REG_CAN_CDR, CANMode_BIT | CLKOff_BIT);         //è®¾ç½®åˆ†é…å¯„å­˜å™¨ï¼ˆ10001000ï¼‰PeliCANæ
             -¨¡å¼ 
 169   1                                                                                                                                      //CBP=0,CLKOff_BIT=1 ä¸æ¿€æ´»æ¯”è¾ƒå™¨æ—è·¯(å»ºè®®æ¿€æ´»)ï¼Œä¸è¾“å‡ºæ—¶é’Ÿ
 170   1              WriteSJAReg(REG_CAN_IR, 0x00);                          //ç¦èƒ½SJA1000æ‰€æœ‰ä¸­æ–­
 171   1              WriteSJARegBlock(REG_CAN_ACR0, filter, 8);      //é…ç½®éªŒæ”¶ä»£ç /å±è”½å¯„å­˜å™¨
 172   1              WriteSJAReg(REG_CAN_BTR0, btr0);                        //é…ç½®æ€»çº¿å®šæ—¶å™¨0
 173   1              WriteSJAReg(REG_CAN_BTR1, btr1);                        //é…ç½®æ€»çº¿å®šæ—¶å™¨1
 174   1              WriteSJAReg(REG_CAN_OCR, 0x1A);                         //é…ç½®è¾“å‡ºå¼•è„šä¸ºTX0å’ŒRX0ï¼Œæ¨æŒ½æ¨¡å¼ï¼Œæ­£å¸¸è¾“å‡º
 175   1              
 176   1              while(!SetBitMask(REG_CAN_MODE, STM_BIT));      //è¿›å…¥åªæ£€æµ‹æ¨¡å¼
C51 COMPILER V9.57.0.0   SJAHELPER                                                         07/13/2018 22:29:18 PAGE 4   

 177   1              while(!ClearBitMask(REG_CAN_MODE, RM_RR_BIT));  //æ¸…é™¤å¤ä½æ¨¡å¼
 178   1              
 179   1              EX0 = 1;        //ä½¿èƒ½å¤–éƒ¨ä¸­æ–­0
 180   1              EA = 1;         //ä½¿èƒ½æ‰€æœ‰ä¸­æ–­
 181   1      }
 182          
 183          /*************************************************************
 184           * å‡½æ•°åç§°ï¼šSetSJASendCmd
 185           * å‡½æ•°åŠŸèƒ½ï¼šè®¾ç½®SJA1000å‘é€ç±»å‹ï¼Œå¯åŠ¨å‘é€
 186           * è¾“å…¥å‚æ•°ï¼šcmd å‘é€å‘½ä»¤ 0:æ­£å¸¸å‘é€ 1:å•æ¬¡å‘é€ 2:è‡ªå‘è‡ªæ”¶ 0xff:ä¸­æ­¢å‘é€
 187           * è¾“å‡ºå‚æ•°ï¼šæ— 
 188           * è¿”å›å€¼ï¼š  1=å‘é€æˆåŠŸ 0=å‘é€å¤±è´¥
 189          **************************************************************/
 190          unsigned char SetSJASendCmd(unsigned char cmd)
 191          {
 192   1              unsigned char status;
 193   1              switch(cmd){
 194   2                      default:
 195   2                      case 0:
 196   2                              status = SetBitMask(REG_CAN_CMR, TR_BIT);                       //æ­£å¸¸å‘é€ï¼Œç½®ä½TR_BIT
 197   2                              break;
 198   2                      case 1:
 199   2                              status = SetBitMask(REG_CAN_CMR, TR_BIT | AT_BIT);      //å•æ¬¡å‘é€ï¼Œç½®ä½TR_BIT | AT_BIT
 200   2                              break;
 201   2                      case 2:
 202   2                              status = SetBitMask(REG_CAN_CMR, AT_BIT | SRR_BIT);     //è‡ªå‘è‡ªæ”¶
 203   2                              break;
 204   2                      case 0xff:
 205   2                              status = SetBitMask(REG_CAN_CMR, AT_BIT);
 206   2                              break;
 207   2              }
 208   1              return status;
 209   1      }
 210          
 211          /*************************************************************
 212           * å‡½æ•°åç§°ï¼šSJASendData
 213           * å‡½æ•°åŠŸèƒ½ï¼šå‘é€å‡½æ•°
 214           * è¾“å…¥å‚æ•°ï¼šdataBuf å‘é€CANå¸§ç¼“å†²åŒº
 215           *                       cmd å‘é€å‘½ä»¤ 0:æ­£å¸¸å‘é€ 1:å•æ¬¡å‘é€ 2:è‡ªå‘è‡ªæ”¶
 216           * è¾“å‡ºå‚æ•°ï¼šæ— 
 217           * è¿”å›å€¼ï¼š  1=å‘é€æˆåŠŸ 0=å‘é€å¤±è´¥
 218          **************************************************************/
 219          unsigned char SJASendData(unsigned char *dataBuf, unsigned char cmd)
 220          {
 221   1              unsigned char status = 0;
 222   1              unsigned char len, dlc;
 223   1              //åˆ¤æ–­SJAå‘é€ç¼“å†²åŒºæ˜¯å¦é”å®šæˆ–æ­£åœ¨å‘é€
 224   1              if((ReadSJAReg(REG_CAN_SR) & (TBS_BIT | TCS_BIT)) != (TBS_BIT | TCS_BIT))
 225   1              //if((ReadSJAReg(REG_CAN_SR) & TBS_BIT) != TBS_BIT)
 226   1              {
 227   2                      status = 0;
 228   2              }
 229   1              else{
 230   2                      dlc = (*dataBuf & 0x0f);        //ä»å‘é€ç¼“å†²åŒºçš„å¸§ä¿¡æ¯ä¸­å–å¾—CANæ•°æ®é•¿åº¦
 231   2                      dlc = dlc > 8 ? 8 : dlc;
 232   2                      switch(*dataBuf & 0xc0){
 233   3                              case 0x00:                                                                      //æ ‡å‡†æ•°æ®å¸§
 234   3                                      len = STD_FRAMEID_LENTH + dlc + 1;
 235   3                                      break;
 236   3                              case 0x40:                                                                      //æ ‡å‡†è¿œç¨‹å¸§
 237   3                                      len = STD_FRAMEID_LENTH + 1;
 238   3                                      break;
C51 COMPILER V9.57.0.0   SJAHELPER                                                         07/13/2018 22:29:18 PAGE 5   

 239   3                              case 0x80:                                                                      //æ‰©å±•æ•°æ®å¸§
 240   3                                      len = EXT_FRAMEID_LENTH + dlc + 1;
 241   3                                      break;  
 242   3                              case 0xc0:                                                                      //æ‰©å±•è¿œç¨‹å¸§
 243   3                                      len = EXT_FRAMEID_LENTH + 1;
 244   3                                      break;
 245   3                              default:
 246   3                                      len = 0;
 247   3                                      status = 0;
 248   3                                      break;
 249   3                      }
 250   2                      if(len){
 251   3                              WriteSJARegBlock(REG_CAN_TXFMINFO, dataBuf, len);
 252   3                              SetSJASendCmd(cmd);
 253   3                              status = 1;
 254   3                      }
 255   2              }
 256   1              return status;
 257   1      }
 258          
 259          /*************************************************************
 260           * å‡½æ•°åç§°ï¼šSJARcvData
 261           * å‡½æ•°åŠŸèƒ½ï¼šé€šè¿‡æŸ¥è¯¢æ–¹å¼è¯»å–æ¥æ”¶ç¼“å†²åŒºä¸­çš„CANæŠ¥æ–‡
 262           * è¾“å…¥å‚æ•°ï¼šdataBuf æŒ‡å‘å­˜å‚¨æŠ¥æ–‡ä½¿ç”¨çš„ç©ºé—´çš„æŒ‡é’ˆ
 263           * è¾“å‡ºå‚æ•°ï¼šæ— 
 264           * è¿”å›å€¼ï¼š  1=è¯»å–æŠ¥æ–‡æˆåŠŸ 0=æ²¡æœ‰æ”¶åˆ°æŠ¥æ–‡
 265          **************************************************************/
 266          unsigned char SJARcvData(unsigned char *dataBuf)
 267          {
 268   1              unsigned char status = 0;
 269   1              unsigned char dlc, len;
 270   1              if((ReadSJAReg(REG_CAN_SR) & RBS_BIT) == 0){
 271   2                      status = 0;
 272   2              }else{
 273   2                      *dataBuf = ReadSJAReg(REG_CAN_RXFMINFO);
 274   2                      dlc = (*dataBuf & 0x0f);
 275   2                      dlc = dlc > 8 ? 8 : dlc;
 276   2                      //æ ¹æ®å¸§ç±»å‹ç¡®å®šæ¥æ”¶ç¼“å†²åŒºä¸­æœ‰æ•ˆæ•°æ®é•¿åº¦
 277   2                      switch(*dataBuf & 0xc0){
 278   3                              case 0x00:
 279   3                                      len = STD_FRAMEID_LENTH + dlc;
 280   3                                      break;
 281   3                              case 0x40:
 282   3                                      len = STD_FRAMEID_LENTH;
 283   3                                      break;
 284   3                              case 0x80:
 285   3                                      len = EXT_FRAMEID_LENTH + dlc;
 286   3                                      break;
 287   3                              case 0xc0:
 288   3                                      len = EXT_FRAMEID_LENTH;
 289   3                                      break;
 290   3                              default:
 291   3                                      len = 0;
 292   3                                      break;
 293   3                      }
 294   2                      if(len){
 295   3                              ReadSJARegBlock(REG_CAN_RXBUF1, dataBuf + 1, len);
 296   3                              SetBitMask(REG_CAN_CMR, RRB_BIT);
 297   3                              status = 1;
 298   3                      }
 299   2              }
 300   1              return status;
C51 COMPILER V9.57.0.0   SJAHELPER                                                         07/13/2018 22:29:18 PAGE 6   

 301   1      }
 302          
 303          /*************************************************************
 304           * å‡½æ•°åç§°ï¼šSJAConfigFilter
 305           * å‡½æ•°åŠŸèƒ½ï¼šé…ç½®SJAçš„æ»¤æ³¢å™¨æ¨¡å¼å’Œæ»¤æ³¢å‚æ•°
 306           * è¾“å…¥å‚æ•°ï¼šmode æ»¤æ³¢å™¨æ¨¡å¼é€‰æ‹© >0:å•æ»¤æ³¢æ¨¡å¼ å…¶ä½™:åŒæ»¤æ³¢æ¨¡å¼
 307           *                       filter æ»¤æ³¢å™¨å‚æ•°æŒ‡é’ˆ
 308           * è¾“å‡ºå‚æ•°ï¼šæ— 
 309           * è¿”å›å€¼ï¼š  æ— 
 310          **************************************************************/
 311          void SJAConfigFilter(unsigned char mode, unsigned char *filter)
 312          {
 313   1              SetBitMask(REG_CAN_MODE, RM_RR_BIT);            //è¿›å…¥å¤ä½æ¨¡å¼
 314   1              if(mode){
 315   2                      SetBitMask(REG_CAN_MODE, AFM_BIT);              //å•æ»¤æ³¢æ¨¡å¼
 316   2              }else{
 317   2                      ClearBitMask(REG_CAN_MODE, AFM_BIT);    //åŒæ»¤æ³¢æ¨¡å¼
 318   2              }
 319   1              WriteSJARegBlock(REG_CAN_ACR0, filter, 8);      //é…ç½®éªŒæ”¶ä»£ç å¯„å­˜å™¨/å±è”½å¯„å­˜å™¨
 320   1              ClearBitMask(REG_CAN_MODE, RM_RR_BIT);          //é€€å‡ºå¤ä½æ¨¡å¼ï¼Œè¿›å…¥å·¥ä½œæ¨¡å¼
 321   1      }
 322          
 323          


MODULE INFORMATION:   STATIC OVERLAYABLE
   CODE SIZE        =    695    ----
   CONSTANT SIZE    =   ----    ----
   XDATA SIZE       =   ----    ----
   PDATA SIZE       =   ----    ----
   DATA SIZE        =      2      35
   IDATA SIZE       =   ----    ----
   BIT SIZE         =   ----    ----
END OF MODULE INFORMATION.


C51 COMPILATION COMPLETE.  0 WARNING(S),  0 ERROR(S)
