C51 COMPILER V9.57.0.0   LESSON1_1                                                         06/12/2018 16:38:29 PAGE 1   


C51 COMPILER V9.57.0.0, COMPILATION OF MODULE LESSON1_1
OBJECT MODULE PLACED IN .\Objects\lesson1_1.obj
COMPILER INVOKED BY: D:\Keil\Keil_v5\C51\BIN\C51.EXE lesson1_1.c OPTIMIZE(8,SPEED) BROWSE DEBUG OBJECTEXTEND PRINT(.\Lis
                    -tings\lesson1_1.lst) OBJECT(.\Objects\lesson1_1.obj)

line level    source

   1          #include <reg52.h>
   2          #include<intrins.h>
   3          
   4          sbit select_seg = P2^7;
   5          sbit select_data = P2^6;
   6          
   7          sbit s2=P3^4;
   8          sbit beep=P2^3;
   9          
  10          void delay(unsigned char i);
  11          
  12          void main()
  13          {       
  14   1      //      unsigned char start = 0xfe;
  15   1      //      
  16   1      //      select_seg = 0;
  17   1      //      select_data = 0;
  18   1                      
  19   1              while(1){
  20   2                      
  21   2                      if(!s2)
  22   2                              beep=0;
  23   2                      else
  24   2                              beep=1;
  25   2                      
  26   2      //              P0 = 0x4f;
  27   2      //              select_data = 1;
  28   2      //              select_data = 0;
  29   2      //              
  30   2      //              P0 = start;
  31   2      //              select_seg = 1;
  32   2      //              select_seg = 0;
  33   2      //              
  34   2      //              start = _crol_(start, 1);
  35   2      //              delay(5);
  36   2              }
  37   1      }
  38          
  39          // n*100ms
  40          void delay(unsigned char n)
  41          {       
  42   1              unsigned int i;
  43   1              while(n--){
  44   2                      for(i=10000;i>0;i--);
  45   2              }
  46   1      }


MODULE INFORMATION:   STATIC OVERLAYABLE
   CODE SIZE        =     38    ----
   CONSTANT SIZE    =   ----    ----
   XDATA SIZE       =   ----    ----
   PDATA SIZE       =   ----    ----
   DATA SIZE        =   ----    ----
C51 COMPILER V9.57.0.0   LESSON1_1                                                         06/12/2018 16:38:29 PAGE 2   

   IDATA SIZE       =   ----    ----
   BIT SIZE         =   ----    ----
END OF MODULE INFORMATION.


C51 COMPILATION COMPLETE.  0 WARNING(S),  0 ERROR(S)
