C51 COMPILER V9.57.0.0   LESSON1_1                                                         04/20/2018 19:54:29 PAGE 1   


C51 COMPILER V9.57.0.0, COMPILATION OF MODULE LESSON1_1
OBJECT MODULE PLACED IN .\Objects\lesson1_1.obj
COMPILER INVOKED BY: D:\Keil\Keil_v5\C51\BIN\C51.EXE lesson1_1.c OPTIMIZE(8,SPEED) BROWSE DEBUG OBJECTEXTEND PRINT(.\Lis
                    -tings\lesson1_1.lst) TABS(2) OBJECT(.\Objects\lesson1_1.obj)

line level    source

   1          #include <reg52.h>
   2          
   3          
   4          


MODULE INFORMATION:   STATIC OVERLAYABLE
   CODE SIZE        =   ----    ----
   CONSTANT SIZE    =   ----    ----
   XDATA SIZE       =   ----    ----
   PDATA SIZE       =   ----    ----
   DATA SIZE        =   ----    ----
   IDATA SIZE       =   ----    ----
   BIT SIZE         =   ----    ----
END OF MODULE INFORMATION.


C51 COMPILATION COMPLETE.  0 WARNING(S),  0 ERROR(S)
